2026-02-23 19:26:29,964 [ERROR] Tunnel error: [Errno 2] No such file or directory: 'cloudflared'
2026-02-23 19:26:29,964 [ERROR] Tunnel error: [Errno 2] No such file or directory: 'cloudflared'
2026-02-23 19:26:29,975 [INFO] Bianca Webhook Queue starting on port 8901 — QUEUE ONLY, NO SENDS
2026-02-23 19:26:29,975 [INFO] Bianca Webhook Queue starting on port 8901 — QUEUE ONLY, NO SENDS
2026-02-23 19:41:29,548 [INFO] Bianca Webhook Queue starting on port 8901 — QUEUE ONLY, NO SENDS
2026-02-23 19:41:29,548 [INFO] Bianca Webhook Queue starting on port 8901 — QUEUE ONLY, NO SENDS
2026-02-23 19:41:39,667 [INFO] Bianca Webhook Queue starting on port 8901 — QUEUE ONLY, NO SENDS
2026-02-23 19:41:39,667 [INFO] Bianca Webhook Queue starting on port 8901 — QUEUE ONLY, NO SENDS
2026-02-23 19:41:44,975 [INFO] Tunnel URL: https://shorter-intent-against-june.trycloudflare.com
2026-02-23 19:41:44,975 [INFO] Tunnel URL: https://shorter-intent-against-june.trycloudflare.com
2026-02-23 19:41:45,376 [ERROR] Tunnel error: HTTP Error 403: Forbidden
2026-02-23 19:41:45,376 [ERROR] Tunnel error: HTTP Error 403: Forbidden
2026-02-23 19:43:03,367 [INFO] QUEUED [message] fan=392277238 name=Ntelous: Yeah im done
2026-02-23 19:43:03,367 [INFO] QUEUED [message] fan=392277238 name=Ntelous: Yeah im done
2026-02-23 19:43:24,397 [INFO] QUEUED [purchase] fan=None name=: PURCHASE $0
2026-02-23 19:43:24,397 [INFO] QUEUED [purchase] fan=None name=: PURCHASE $0
2026-02-23 19:43:25,808 [INFO] QUEUED [message] fan=392277238 name=Ntelous: You just showed me how eveey of girl works
2026-02-23 19:43:25,808 [INFO] QUEUED [message] fan=392277238 name=Ntelous: You just showed me how eveey of girl works
2026-02-23 19:43:38,804 [INFO] QUEUED [message] fan=392277238 name=Ntelous: None of this messages are real theyre all automated
2026-02-23 19:43:38,804 [INFO] QUEUED [message] fan=392277238 name=Ntelous: None of this messages are real theyre all automated
2026-02-23 19:43:54,522 [INFO] QUEUED [message] fan=451406954 name=Kyle Omarion: You didn’t get naked at all…
2026-02-23 19:43:54,522 [INFO] QUEUED [message] fan=451406954 name=Kyle Omarion: You didn’t get naked at all…
2026-02-23 19:44:06,654 [INFO] QUEUED [purchase] fan=None name=: PURCHASE $15
2026-02-23 19:44:06,654 [INFO] QUEUED [purchase] fan=None name=: PURCHASE $15
2026-02-23 19:53:47,708 [INFO] QUEUED [new_sub] fan=None name=: NEW_SUBSCRIBER
2026-02-23 19:53:47,708 [INFO] QUEUED [new_sub] fan=None name=: NEW_SUBSCRIBER
2026-02-23 19:55:26,736 [INFO] QUEUED [message] fan=2830433 name=u2830433: How hard is your cock?
2026-02-23 19:55:26,736 [INFO] QUEUED [message] fan=2830433 name=u2830433: How hard is your cock?
2026-02-23 19:56:27,933 [INFO] QUEUED [message] fan=389104580 name=axel: heyyyy
2026-02-23 19:56:27,933 [INFO] QUEUED [message] fan=389104580 name=axel: heyyyy
2026-02-23 19:58:38,213 [INFO] QUEUED [message] fan=97399362 name=Erik: You're so beautiful Bianca
2026-02-23 19:58:38,213 [INFO] QUEUED [message] fan=97399362 name=Erik: You're so beautiful Bianca
2026-02-23 19:59:02,059 [INFO] QUEUED [message] fan=2830433 name=u2830433: I want ur big cock
2026-02-23 19:59:02,059 [INFO] QUEUED [message] fan=2830433 name=u2830433: I want ur big cock
2026-02-23 19:59:07,834 [INFO] QUEUED [message] fan=451406954 name=Kyle Omarion: I’m not buying after that
2026-02-23 19:59:07,834 [INFO] QUEUED [message] fan=451406954 name=Kyle Omarion: I’m not buying after that
2026-02-23 19:59:26,873 [INFO] QUEUED [message] fan=451406954 name=Kyle Omarion: Need to make it up to me for selling me clothed content
2026-02-23 19:59:26,873 [INFO] QUEUED [message] fan=451406954 name=Kyle Omarion: Need to make it up to me for selling me clothed content
2026-02-23 19:59:27,627 [INFO] QUEUED [message] fan=2830433 name=u2830433: U think ur big cock can pound my cunt?
2026-02-23 19:59:27,627 [INFO] QUEUED [message] fan=2830433 name=u2830433: U think ur big cock can pound my cunt?
2026-02-23 19:59:38,766 [INFO] QUEUED [message] fan=386420401 name=royce: I can show u
2026-02-23 19:59:38,766 [INFO] QUEUED [message] fan=386420401 name=royce: I can show u
2026-02-23 20:00:16,266 [INFO] QUEUED [message] fan=389104580 name=axel: well, first i love your name and second, i love brune woman..
2026-02-23 20:00:16,266 [INFO] QUEUED [message] fan=389104580 name=axel: well, first i love your name and second, i love brune woman..
2026-02-23 20:00:54,458 [INFO] QUEUED [message] fan=451406954 name=Kyle Omarion: You’re wearing clothes there too
2026-02-23 20:00:54,458 [INFO] QUEUED [message] fan=451406954 name=Kyle Omarion: You’re wearing clothes there too
2026-02-23 20:01:04,088 [INFO] QUEUED [message] fan=2830433 name=u2830433: R u stroking that big cock in the video?
2026-02-23 20:01:04,088 [INFO] QUEUED [message] fan=2830433 name=u2830433: R u stroking that big cock in the video?
2026-02-23 20:01:15,958 [INFO] QUEUED [message] fan=451406954 name=Kyle Omarion: Again wearing clothes
2026-02-23 20:01:15,958 [INFO] QUEUED [message] fan=451406954 name=Kyle Omarion: Again wearing clothes
2026-02-23 20:01:21,598 [INFO] QUEUED [message] fan=2830433 name=u2830433: Answer the question
2026-02-23 20:01:21,598 [INFO] QUEUED [message] fan=2830433 name=u2830433: Answer the question
2026-02-23 20:01:30,916 [INFO] QUEUED [message] fan=2830433 name=u2830433: R u stroking that massive dirty cock for me?
2026-02-23 20:01:30,916 [INFO] QUEUED [message] fan=2830433 name=u2830433: R u stroking that massive dirty cock for me?
2026-02-23 20:01:55,730 [INFO] QUEUED [message] fan=97399362 name=Erik: You're amazing ass
2026-02-23 20:01:55,730 [INFO] QUEUED [message] fan=97399362 name=Erik: You're amazing ass
2026-02-23 20:02:11,466 [INFO] QUEUED [message] fan=465889856 name=4.6K📣| StarPromoAdvertising: SUPER SALE ❗️6$❗️.3 DAYS WALL POST + 3 DAYS MASS DM!.Unlock this post then send 
2026-02-23 20:02:11,466 [INFO] QUEUED [message] fan=465889856 name=4.6K📣| StarPromoAdvertising: SUPER SALE ❗️6$❗️.3 DAYS WALL POST + 3 DAYS MASS DM!.Unlock this post then send 
2026-02-23 20:03:04,195 [INFO] Bianca Webhook Queue starting on port 8901 — QUEUE ONLY, NO SENDS
2026-02-23 20:03:04,195 [INFO] Bianca Webhook Queue starting on port 8901 — QUEUE ONLY, NO SENDS
2026-02-23 20:03:14,331 [INFO] Bianca Webhook Queue starting on port 8901 — QUEUE ONLY, NO SENDS
2026-02-23 20:03:14,331 [INFO] Bianca Webhook Queue starting on port 8901 — QUEUE ONLY, NO SENDS
2026-02-23 20:03:22,475 [INFO] Tunnel URL: https://side-choosing-prospects-herald.trycloudflare.com
2026-02-23 20:03:22,475 [INFO] Tunnel URL: https://side-choosing-prospects-herald.trycloudflare.com
2026-02-23 20:03:22,861 [ERROR] Tunnel error: HTTP Error 403: Forbidden
2026-02-23 20:03:22,861 [ERROR] Tunnel error: HTTP Error 403: Forbidden
2026-02-23 22:59:59,625 [INFO] Bianca Webhook Queue starting on port 8901 — QUEUE ONLY, NO SENDS
2026-02-23 22:59:59,625 [INFO] Bianca Webhook Queue starting on port 8901 — QUEUE ONLY, NO SENDS
2026-02-23 23:00:08,977 [INFO] Tunnel URL: https://perceived-pennsylvania-discover-holidays.trycloudflare.com
2026-02-23 23:00:08,977 [INFO] Tunnel URL: https://perceived-pennsylvania-discover-holidays.trycloudflare.com
2026-02-23 23:00:09,298 [ERROR] Tunnel error: HTTP Error 403: Forbidden
2026-02-23 23:00:09,298 [ERROR] Tunnel error: HTTP Error 403: Forbidden
2026-02-24 09:35:30,591 [INFO] Bianca Webhook Queue starting on port 8901 — QUEUE ONLY, NO SENDS
2026-02-24 09:35:30,591 [INFO] Bianca Webhook Queue starting on port 8901 — QUEUE ONLY, NO SENDS
2026-02-24 09:35:34,181 [INFO] Tunnel URL: https://excuse-dozen-terrorist-shareholders.trycloudflare.com
2026-02-24 09:35:34,181 [INFO] Tunnel URL: https://excuse-dozen-terrorist-shareholders.trycloudflare.com
2026-02-24 09:35:34,677 [ERROR] Tunnel error: HTTP Error 403: Forbidden
2026-02-24 09:35:34,677 [ERROR] Tunnel error: HTTP Error 403: Forbidden
