/Users/moltplush/Library/Python/3.9/lib/python/site-packages/urllib3/__init__.py:35: NotOpenSSLWarning: urllib3 v2 only supports OpenSSL 1.1.1+, currently the 'ssl' module is compiled with 'LibreSSL 2.8.3'. See: https://github.com/urllib3/urllib3/issues/3020
  warnings.warn(
============================================================
🔍 Fan Index Backfill
   Mode: FULL
   Output: /Users/moltplush/.openclaw/workspace/research/fan-index
============================================================

📡 Fetching accounts...
   Found 68 authenticated accounts

========================================
  Account 1/68

📋 Processing: katievancee (@katievancee) [acct_57974e1a42e74cfebc1e30447e7a4673]
  Trying fans endpoint...
  Fans endpoint unavailable, falling back to chats...
  Fetched 10 fans from chats (offset=0)...
  Fetched 20 fans from chats (offset=10)...
  Fetched 30 fans from chats (offset=20)...
  Fetched 49 fans from chats (offset=30)...
  Fetched 68 fans from chats (offset=49)...
  Fetched 78 fans from chats (offset=68)...
  Fetched 97 fans from chats (offset=78)...
  Fetched 107 fans from chats (offset=97)...
  Fetched 117 fans from chats (offset=107)...
  Fetched 135 fans from chats (offset=117)...
  Fetched 145 fans from chats (offset=135)...
  Fetched 155 fans from chats (offset=145)...
  Fetched 156 fans from chats (offset=155)...
  ✅ Total fans for katievancee: 156

📊 Progress: 1/68 accounts, 156 total fans, 16 API calls

========================================
  Account 2/68

📋 Processing: kaylareeddd (@kaylareeddd) [acct_a0eb38626b2f43cebe0cfb84d645737b]
  Trying fans endpoint...
  Fans endpoint unavailable, falling back to chats...
  Fetched 10 fans from chats (offset=0)...
  Fetched 20 fans from chats (offset=10)...
  Fetched 30 fans from chats (offset=20)...
  Fetched 40 fans from chats (offset=30)...
  Fetched 50 fans from chats (offset=40)...
  Fetched 60 fans from chats (offset=50)...
  Fetched 70 fans from chats (offset=60)...
  Fetched 80 fans from chats (offset=70)...
  Fetched 90 fans from chats (offset=80)...
  Fetched 109 fans from chats (offset=90)...
  Fetched 119 fans from chats (offset=109)...
  Fetched 129 fans from chats (offset=119)...
  Fetched 139 fans from chats (offset=129)...
  Fetched 149 fans from chats (offset=139)...
  Fetched 168 fans from chats (offset=149)...
  Fetched 178 fans from chats (offset=168)...
  Fetched 188 fans from chats (offset=178)...
  Fetched 207 fans from chats (offset=188)...
  Fetched 217 fans from chats (offset=207)...
  Fetched 227 fans from chats (offset=217)...
  Fetched 237 fans from chats (offset=227)...
  Fetched 253 fans from chats (offset=237)...
  Fetched 271 fans from chats (offset=253)...
  Fetched 285 fans from chats (offset=271)...
  Fetched 296 fans from chats (offset=285)...
  Fetched 309 fans from chats (offset=296)...
  Fetched 319 fans from chats (offset=309)...
  Fetched 329 fans from chats (offset=319)...
  Fetched 348 fans from chats (offset=329)...
  Fetched 358 fans from chats (offset=348)...
  Fetched 377 fans from chats (offset=358)...
  Fetched 396 fans from chats (offset=377)...
  Fetched 406 fans from chats (offset=396)...
  Fetched 410 fans from chats (offset=406)...
  ✅ Total fans for kaylareeddd: 410

📊 Progress: 2/68 accounts, 566 total fans, 52 API calls

========================================
  Account 3/68

📋 Processing: zaramaeee (@zaramaeee) [acct_f8bbea40430b47208ae5c2e53a560e0e]
  Trying fans endpoint...
  Fans endpoint unavailable, falling back to chats...
  Fetched 19 fans from chats (offset=0)...
  Fetched 29 fans from chats (offset=19)...
  Fetched 39 fans from chats (offset=29)...
  Fetched 58 fans from chats (offset=39)...
  Fetched 76 fans from chats (offset=58)...
  Fetched 94 fans from chats (offset=76)...
  Fetched 104 fans from chats (offset=94)...
  Fetched 114 fans from chats (offset=104)...
  Fetched 124 fans from chats (offset=114)...
  Fetched 142 fans from chats (offset=124)...
  Fetched 152 fans from chats (offset=142)...
  Fetched 162 fans from chats (offset=152)...
  Fetched 180 fans from chats (offset=162)...
  Fetched 199 fans from chats (offset=180)...
  Fetched 209 fans from chats (offset=199)...
  Fetched 219 fans from chats (offset=209)...
  Fetched 238 fans from chats (offset=219)...
  Fetched 248 fans from chats (offset=238)...
  Fetched 258 fans from chats (offset=248)...
  Fetched 276 fans from chats (offset=258)...
  Fetched 293 fans from chats (offset=276)...
  Fetched 303 fans from chats (offset=293)...
  Fetched 313 fans from chats (offset=303)...
  Fetched 323 fans from chats (offset=313)...
  Fetched 342 fans from chats (offset=323)...
  Fetched 360 fans from chats (offset=342)...
  Fetched 376 fans from chats (offset=360)...
  Fetched 394 fans from chats (offset=376)...
  Fetched 413 fans from chats (offset=394)...
  Fetched 423 fans from chats (offset=413)...
  Fetched 433 fans from chats (offset=423)...
  Fetched 443 fans from chats (offset=433)...
  Fetched 453 fans from chats (offset=443)...
  Fetched 460 fans from chats (offset=453)...
  ✅ Total fans for zaramaeee: 460

📊 Progress: 3/68 accounts, 1026 total fans, 88 API calls

========================================
  Account 4/68

📋 Processing: adalyndean (@adalyndean) [acct_8f092533b94d4c2ab31aca707604bd77]
  Trying fans endpoint...
  Fans endpoint unavailable, falling back to chats...
  Fetched 10 fans from chats (offset=0)...
  Fetched 20 fans from chats (offset=10)...
  Fetched 30 fans from chats (offset=20)...
  Fetched 40 fans from chats (offset=30)...
  Fetched 59 fans from chats (offset=40)...
  Fetched 78 fans from chats (offset=59)...
  Fetched 88 fans from chats (offset=78)...
  Fetched 98 fans from chats (offset=88)...
  Fetched 108 fans from chats (offset=98)...
  Fetched 124 fans from chats (offset=108)...
  Fetched 134 fans from chats (offset=124)...
  Fetched 144 fans from chats (offset=134)...
  Fetched 163 fans from chats (offset=144)...
  Fetched 173 fans from chats (offset=163)...
  Fetched 183 fans from chats (offset=173)...
  Fetched 193 fans from chats (offset=183)...
  Fetched 203 fans from chats (offset=193)...
  Fetched 213 fans from chats (offset=203)...
  Fetched 232 fans from chats (offset=213)...
  Fetched 242 fans from chats (offset=232)...
  Fetched 261 fans from chats (offset=242)...
  Fetched 271 fans from chats (offset=261)...
  Fetched 281 fans from chats (offset=271)...
  Fetched 298 fans from chats (offset=281)...
  Fetched 317 fans from chats (offset=298)...
  Fetched 327 fans from chats (offset=317)...
  Fetched 337 fans from chats (offset=327)...
  Fetched 347 fans from chats (offset=337)...
  Fetched 357 fans from chats (offset=347)...
  Fetched 367 fans from chats (offset=357)...
  Fetched 377 fans from chats (offset=367)...
  Fetched 387 fans from chats (offset=377)...
  Fetched 397 fans from chats (offset=387)...
  Fetched 414 fans from chats (offset=397)...
  Fetched 424 fans from chats (offset=414)...
  Fetched 434 fans from chats (offset=424)...
  Fetched 444 fans from chats (offset=434)...
  Fetched 454 fans from chats (offset=444)...
  Fetched 464 fans from chats (offset=454)...
  Fetched 474 fans from chats (offset=464)...
  Fetched 484 fans from chats (offset=474)...
  Fetched 494 fans from chats (offset=484)...
  Fetched 504 fans from chats (offset=494)...
  Fetched 514 fans from chats (offset=504)...
  Fetched 524 fans from chats (offset=514)...
  Fetched 534 fans from chats (offset=524)...
  Fetched 544 fans from chats (offset=534)...
  Fetched 563 fans from chats (offset=544)...
  Fetched 573 fans from chats (offset=563)...
  Fetched 583 fans from chats (offset=573)...
  Fetched 593 fans from chats (offset=583)...
  Fetched 603 fans from chats (offset=593)...
  Fetched 613 fans from chats (offset=603)...
  Fetched 623 fans from chats (offset=613)...
  Fetched 639 fans from chats (offset=623)...
  Fetched 658 fans from chats (offset=639)...
  Fetched 668 fans from chats (offset=658)...
  Fetched 678 fans from chats (offset=668)...
  Fetched 688 fans from chats (offset=678)...
  Fetched 698 fans from chats (offset=688)...
  Fetched 717 fans from chats (offset=698)...
  Fetched 736 fans from chats (offset=717)...
  Fetched 746 fans from chats (offset=736)...
  Fetched 756 fans from chats (offset=746)...
  Fetched 774 fans from chats (offset=756)...
  Fetched 784 fans from chats (offset=774)...
  Fetched 794 fans from chats (offset=784)...
  Fetched 804 fans from chats (offset=794)...
  Fetched 814 fans from chats (offset=804)...
  Fetched 832 fans from chats (offset=814)...
  Fetched 842 fans from chats (offset=832)...
  Fetched 852 fans from chats (offset=842)...
  Fetched 862 fans from chats (offset=852)...
  Fetched 881 fans from chats (offset=862)...
  Fetched 900 fans from chats (offset=881)...
  Fetched 910 fans from chats (offset=900)...
  Fetched 920 fans from chats (offset=910)...
  Fetched 930 fans from chats (offset=920)...
  Fetched 947 fans from chats (offset=930)...
  Fetched 965 fans from chats (offset=947)...
  Fetched 975 fans from chats (offset=965)...
  Fetched 993 fans from chats (offset=975)...
  Fetched 1003 fans from chats (offset=993)...
  Fetched 1013 fans from chats (offset=1003)...
  Fetched 1031 fans from chats (offset=1013)...
  Fetched 1050 fans from chats (offset=1031)...
  Fetched 1060 fans from chats (offset=1050)...
  Fetched 1070 fans from chats (offset=1060)...
  Fetched 1080 fans from chats (offset=1070)...
  Fetched 1090 fans from chats (offset=1080)...
  Fetched 1100 fans from chats (offset=1090)...
  Fetched 1110 fans from chats (offset=1100)...
  Fetched 1120 fans from chats (offset=1110)...
  Fetched 1130 fans from chats (offset=1120)...
  Fetched 1140 fans from chats (offset=1130)...
  Fetched 1150 fans from chats (offset=1140)...
  Fetched 1160 fans from chats (offset=1150)...
  Fetched 1170 fans from chats (offset=1160)...
  Fetched 1180 fans from chats (offset=1170)...
  Fetched 1190 fans from chats (offset=1180)...
  Fetched 1209 fans from chats (offset=1190)...
  Fetched 1227 fans from chats (offset=1209)...
  Fetched 1237 fans from chats (offset=1227)...
  Fetched 1247 fans from chats (offset=1237)...
  Fetched 1257 fans from chats (offset=1247)...
  Fetched 1267 fans from chats (offset=1257)...
  Fetched 1277 fans from chats (offset=1267)...
  Fetched 1287 fans from chats (offset=1277)...
  Fetched 1297 fans from chats (offset=1287)...
  Fetched 1315 fans from chats (offset=1297)...
  Fetched 1325 fans from chats (offset=1315)...
  Fetched 1335 fans from chats (offset=1325)...
  Fetched 1345 fans from chats (offset=1335)...
  Fetched 1363 fans from chats (offset=1345)...
  Fetched 1373 fans from chats (offset=1363)...
  Fetched 1391 fans from chats (offset=1373)...
  Fetched 1410 fans from chats (offset=1391)...
  Fetched 1420 fans from chats (offset=1410)...
  Fetched 1430 fans from chats (offset=1420)...
  Fetched 1440 fans from chats (offset=1430)...
  Fetched 1450 fans from chats (offset=1440)...
  Fetched 1468 fans from chats (offset=1450)...
  Fetched 1478 fans from chats (offset=1468)...
  Fetched 1495 fans from chats (offset=1478)...
  Fetched 1505 fans from chats (offset=1495)...
  Fetched 1523 fans from chats (offset=1505)...
  Fetched 1533 fans from chats (offset=1523)...
  Fetched 1543 fans from chats (offset=1533)...
  Fetched 1553 fans from chats (offset=1543)...
  Fetched 1563 fans from chats (offset=1553)...
  Fetched 1582 fans from chats (offset=1563)...
  Fetched 1592 fans from chats (offset=1582)...
  Fetched 1609 fans from chats (offset=1592)...
  Fetched 1619 fans from chats (offset=1609)...
  Fetched 1629 fans from chats (offset=1619)...
  Fetched 1647 fans from chats (offset=1629)...
  Fetched 1657 fans from chats (offset=1647)...
  Fetched 1676 fans from chats (offset=1657)...
  Fetched 1686 fans from chats (offset=1676)...
  Fetched 1696 fans from chats (offset=1686)...
  Fetched 1715 fans from chats (offset=1696)...
  Fetched 1733 fans from chats (offset=1715)...
  Fetched 1743 fans from chats (offset=1733)...
  Fetched 1753 fans from chats (offset=1743)...
  Fetched 1763 fans from chats (offset=1753)...
  Fetched 1773 fans from chats (offset=1763)...
  Fetched 1783 fans from chats (offset=1773)...
  Fetched 1793 fans from chats (offset=1783)...
  Fetched 1803 fans from chats (offset=1793)...
  Fetched 1813 fans from chats (offset=1803)...
  Fetched 1832 fans from chats (offset=1813)...
  Fetched 1842 fans from chats (offset=1832)...
  Fetched 1852 fans from chats (offset=1842)...
  Fetched 1862 fans from chats (offset=1852)...
  Fetched 1881 fans from chats (offset=1862)...
  Fetched 1891 fans from chats (offset=1881)...
  Fetched 1910 fans from chats (offset=1891)...
  Fetched 1920 fans from chats (offset=1910)...
  Fetched 1930 fans from chats (offset=1920)...
  Fetched 1940 fans from chats (offset=1930)...
  Fetched 1950 fans from chats (offset=1940)...
  Fetched 1960 fans from chats (offset=1950)...
  Fetched 1970 fans from chats (offset=1960)...
  Fetched 1980 fans from chats (offset=1970)...
  Fetched 1990 fans from chats (offset=1980)...
  Fetched 2000 fans from chats (offset=1990)...
  Fetched 2010 fans from chats (offset=2000)...
  Fetched 2020 fans from chats (offset=2010)...
  Fetched 2030 fans from chats (offset=2020)...
  Fetched 2049 fans from chats (offset=2030)...
  Fetched 2059 fans from chats (offset=2049)...
  Fetched 2069 fans from chats (offset=2059)...
  Fetched 2088 fans from chats (offset=2069)...
  Fetched 2098 fans from chats (offset=2088)...
  Fetched 2117 fans from chats (offset=2098)...
  Fetched 2136 fans from chats (offset=2117)...
  Fetched 2146 fans from chats (offset=2136)...
  Fetched 2156 fans from chats (offset=2146)...
  Fetched 2166 fans from chats (offset=2156)...
  Fetched 2185 fans from chats (offset=2166)...
  Fetched 2195 fans from chats (offset=2185)...
  Fetched 2205 fans from chats (offset=2195)...
  Fetched 2215 fans from chats (offset=2205)...
  Fetched 2225 fans from chats (offset=2215)...
  Fetched 2235 fans from chats (offset=2225)...
  Fetched 2253 fans from chats (offset=2235)...
  Fetched 2263 fans from chats (offset=2253)...
  Fetched 2273 fans from chats (offset=2263)...
  Fetched 2283 fans from chats (offset=2273)...
  Fetched 2293 fans from chats (offset=2283)...
  Fetched 2303 fans from chats (offset=2293)...
  Fetched 2322 fans from chats (offset=2303)...
  Fetched 2341 fans from chats (offset=2322)...
  Fetched 2351 fans from chats (offset=2341)...
  Fetched 2370 fans from chats (offset=2351)...
  Fetched 2389 fans from chats (offset=2370)...
  Fetched 2399 fans from chats (offset=2389)...
  Fetched 2417 fans from chats (offset=2399)...
  Fetched 2427 fans from chats (offset=2417)...
  Fetched 2446 fans from chats (offset=2427)...
  Fetched 2456 fans from chats (offset=2446)...
  Fetched 2466 fans from chats (offset=2456)...
  Fetched 2476 fans from chats (offset=2466)...
  Fetched 2486 fans from chats (offset=2476)...
  Fetched 2496 fans from chats (offset=2486)...
  Fetched 2506 fans from chats (offset=2496)...
  Fetched 2525 fans from chats (offset=2506)...
  Fetched 2535 fans from chats (offset=2525)...
  Fetched 2545 fans from chats (offset=2535)...
  Fetched 2555 fans from chats (offset=2545)...
  Fetched 2565 fans from chats (offset=2555)...
  Fetched 2575 fans from chats (offset=2565)...
  Fetched 2585 fans from chats (offset=2575)...
  Fetched 2595 fans from chats (offset=2585)...
  Fetched 2605 fans from chats (offset=2595)...
  Fetched 2615 fans from chats (offset=2605)...
  Fetched 2625 fans from chats (offset=2615)...
  Fetched 2644 fans from chats (offset=2625)...
  Fetched 2654 fans from chats (offset=2644)...
  Fetched 2664 fans from chats (offset=2654)...
  Fetched 2683 fans from chats (offset=2664)...
  Fetched 2693 fans from chats (offset=2683)...
  Fetched 2703 fans from chats (offset=2693)...
  Fetched 2713 fans from chats (offset=2703)...
  Fetched 2723 fans from chats (offset=2713)...
  Fetched 2733 fans from chats (offset=2723)...
  Fetched 2743 fans from chats (offset=2733)...
  Fetched 2753 fans from chats (offset=2743)...
  Fetched 2763 fans from chats (offset=2753)...
  Fetched 2773 fans from chats (offset=2763)...
  Fetched 2791 fans from chats (offset=2773)...
  Fetched 2809 fans from chats (offset=2791)...
  Fetched 2819 fans from chats (offset=2809)...
  Fetched 2837 fans from chats (offset=2819)...
  Fetched 2847 fans from chats (offset=2837)...
  Fetched 2857 fans from chats (offset=2847)...
  Fetched 2867 fans from chats (offset=2857)...
  Fetched 2877 fans from chats (offset=2867)...
  Fetched 2895 fans from chats (offset=2877)...
  Fetched 2905 fans from chats (offset=2895)...
  Fetched 2915 fans from chats (offset=2905)...
  Fetched 2925 fans from chats (offset=2915)...
  Fetched 2935 fans from chats (offset=2925)...
  Fetched 2945 fans from chats (offset=2935)...
  Fetched 2955 fans from chats (offset=2945)...
  Fetched 2965 fans from chats (offset=2955)...
  Fetched 2975 fans from chats (offset=2965)...
  Fetched 2985 fans from chats (offset=2975)...
  Fetched 2995 fans from chats (offset=2985)...
  Fetched 3013 fans from chats (offset=2995)...
  Fetched 3023 fans from chats (offset=3013)...
  Fetched 3041 fans from chats (offset=3023)...
  Fetched 3051 fans from chats (offset=3041)...
  Fetched 3061 fans from chats (offset=3051)...
  Fetched 3071 fans from chats (offset=3061)...
  Fetched 3081 fans from chats (offset=3071)...
  Fetched 3091 fans from chats (offset=3081)...
  Fetched 3101 fans from chats (offset=3091)...
  Fetched 3111 fans from chats (offset=3101)...
  Fetched 3130 fans from chats (offset=3111)...
  Fetched 3149 fans from chats (offset=3130)...
  Fetched 3159 fans from chats (offset=3149)...
  Fetched 3169 fans from chats (offset=3159)...
  Fetched 3179 fans from chats (offset=3169)...
  Fetched 3189 fans from chats (offset=3179)...
  Fetched 3199 fans from chats (offset=3189)...
  Fetched 3209 fans from chats (offset=3199)...
  Fetched 3219 fans from chats (offset=3209)...
  Fetched 3229 fans from chats (offset=3219)...
  Fetched 3239 fans from chats (offset=3229)...
  Fetched 3249 fans from chats (offset=3239)...
  Fetched 3268 fans from chats (offset=3249)...
  Fetched 3278 fans from chats (offset=3268)...
  Fetched 3288 fans from chats (offset=3278)...
  Fetched 3298 fans from chats (offset=3288)...
  Fetched 3308 fans from chats (offset=3298)...
  Fetched 3318 fans from chats (offset=3308)...
  Fetched 3328 fans from chats (offset=3318)...
  Fetched 3338 fans from chats (offset=3328)...
  Fetched 3348 fans from chats (offset=3338)...
  Fetched 3366 fans from chats (offset=3348)...
  Fetched 3376 fans from chats (offset=3366)...
  Fetched 3386 fans from chats (offset=3376)...
  Fetched 3404 fans from chats (offset=3386)...
  Fetched 3423 fans from chats (offset=3404)...
  Fetched 3433 fans from chats (offset=3423)...
  Fetched 3443 fans from chats (offset=3433)...
  Fetched 3453 fans from chats (offset=3443)...
  Fetched 3463 fans from chats (offset=3453)...
  Fetched 3482 fans from chats (offset=3463)...
  Fetched 3492 fans from chats (offset=3482)...
  Fetched 3510 fans from chats (offset=3492)...
  Fetched 3529 fans from chats (offset=3510)...
  Fetched 3539 fans from chats (offset=3529)...
  Fetched 3549 fans from chats (offset=3539)...
  Fetched 3559 fans from chats (offset=3549)...
  Fetched 3577 fans from chats (offset=3559)...
  Fetched 3594 fans from chats (offset=3577)...
  Fetched 3612 fans from chats (offset=3594)...
  Fetched 3631 fans from chats (offset=3612)...
  Fetched 3641 fans from chats (offset=3631)...
  Fetched 3651 fans from chats (offset=3641)...
  Fetched 3669 fans from chats (offset=3651)...
  Fetched 3679 fans from chats (offset=3669)...
  Fetched 3689 fans from chats (offset=3679)...
  Fetched 3699 fans from chats (offset=3689)...
  Fetched 3709 fans from chats (offset=3699)...
  Fetched 3719 fans from chats (offset=3709)...
  Fetched 3738 fans from chats (offset=3719)...
  Fetched 3748 fans from chats (offset=3738)...
  Fetched 3758 fans from chats (offset=3748)...
  Fetched 3768 fans from chats (offset=3758)...
  Fetched 3787 fans from chats (offset=3768)...
  Fetched 3797 fans from chats (offset=3787)...
  Fetched 3807 fans from chats (offset=3797)...
  Fetched 3817 fans from chats (offset=3807)...
  Fetched 3827 fans from chats (offset=3817)...
  Fetched 3837 fans from chats (offset=3827)...
  Fetched 3847 fans from chats (offset=3837)...
  Fetched 3865 fans from chats (offset=3847)...
  Fetched 3884 fans from chats (offset=3865)...
  Fetched 3894 fans from chats (offset=3884)...
  Fetched 3913 fans from chats (offset=3894)...
  Fetched 3923 fans from chats (offset=3913)...
  Fetched 3933 fans from chats (offset=3923)...
  Fetched 3943 fans from chats (offset=3933)...
  Fetched 3953 fans from chats (offset=3943)...
  Fetched 3963 fans from chats (offset=3953)...
  Fetched 3973 fans from chats (offset=3963)...
  Fetched 3983 fans from chats (offset=3973)...
  Fetched 3993 fans from chats (offset=3983)...
  Fetched 4011 fans from chats (offset=3993)...
  Fetched 4029 fans from chats (offset=4011)...
  Fetched 4039 fans from chats (offset=4029)...
  Fetched 4049 fans from chats (offset=4039)...
  Fetched 4059 fans from chats (offset=4049)...
  Fetched 4069 fans from chats (offset=4059)...
  Fetched 4079 fans from chats (offset=4069)...
  Fetched 4089 fans from chats (offset=4079)...
  Fetched 4099 fans from chats (offset=4089)...
  Fetched 4109 fans from chats (offset=4099)...
  Fetched 4119 fans from chats (offset=4109)...
  Fetched 4129 fans from chats (offset=4119)...
  Fetched 4139 fans from chats (offset=4129)...
Traceback (most recent call last):
  File "/Users/moltplush/.openclaw/workspace/research/fan-index-backfill.py", line 420, in <module>
    main()
  File "/Users/moltplush/.openclaw/workspace/research/fan-index-backfill.py", line 371, in main
    fans = process_account(account, test_mode=test_mode)
  File "/Users/moltplush/.openclaw/workspace/research/fan-index-backfill.py", line 178, in process_account
    items, has_more = get_fans_page(acct_id, offset=offset, limit=10)
  File "/Users/moltplush/.openclaw/workspace/research/fan-index-backfill.py", line 46, in get_fans_page
    r.raise_for_status()
  File "/Users/moltplush/Library/Python/3.9/lib/python/site-packages/requests/models.py", line 1026, in raise_for_status
    raise HTTPError(http_error_msg, response=self)
requests.exceptions.HTTPError: 502 Server Error: Bad Gateway for url: https://app.onlyfansapi.com/api/acct_8f092533b94d4c2ab31aca707604bd77/chats?limit=10&offset=4139&skip_users=all&order=recent
